[2023-02-12 22:20:56,515] pyhamilton.interface INFO starting a Hamilton interface
[2023-02-12 22:20:56,515] pyhamilton.interface INFO started the oem application for simulation
[2023-02-12 22:20:56,516] pyhamilton.interface INFO started the server thread
[2023-02-12 22:21:14,537] pyhamilton.interface INFO sending end run command to simulator
[2023-02-12 22:21:16,038] pyhamilton.interface ERROR HamiltonTimeoutError('Timed out after 1.5 sec while waiting for response id 0x0')
[2023-02-12 22:21:16,038] pyhamilton.interface INFO disconnected from server
[2023-02-12 22:21:16,139] pyhamilton.interface INFO server did not exit yet, sending dummy request to exit its loop
[2023-02-12 22:22:31,677] pyhamilton.interface INFO starting a Hamilton interface
[2023-02-12 22:22:31,705] pyhamilton.interface INFO started the oem application for simulation
[2023-02-12 22:22:31,705] pyhamilton.interface INFO started the server thread
[2023-02-12 22:22:47,716] pyhamilton.interface INFO sending end run command to simulator
[2023-02-12 22:22:49,217] pyhamilton.interface ERROR HamiltonTimeoutError('Timed out after 1.5 sec while waiting for response id 0x0')
[2023-02-12 22:22:49,217] pyhamilton.interface INFO disconnected from server
[2023-02-12 22:22:49,317] pyhamilton.interface INFO server did not exit yet, sending dummy request to exit its loop
[2023-02-12 22:22:49,319] pyhamilton.interface INFO dummy get request sent to server
[2023-02-12 22:22:49,319] pyhamilton.interface INFO server thread exited
[2023-02-12 22:23:57,681] pyhamilton.interface INFO starting a Hamilton interface
[2023-02-12 22:23:57,681] pyhamilton.interface INFO started the oem application for simulation
[2023-02-12 22:23:57,681] pyhamilton.interface INFO started the server thread
[2023-02-12 22:24:09,692] pyhamilton.interface INFO sending end run command to simulator
[2023-02-12 22:24:11,193] pyhamilton.interface ERROR HamiltonTimeoutError('Timed out after 1.5 sec while waiting for response id 0x0')
[2023-02-12 22:24:11,193] pyhamilton.interface INFO disconnected from server
[2023-02-12 22:24:11,294] pyhamilton.interface INFO server did not exit yet, sending dummy request to exit its loop
[2023-02-12 22:24:11,299] pyhamilton.interface INFO dummy get request sent to server
[2023-02-12 22:24:11,299] pyhamilton.interface INFO server thread exited
[2023-02-12 22:25:16,858] pyhamilton.interface INFO starting a Hamilton interface
[2023-02-12 22:25:16,858] pyhamilton.interface INFO started the oem application for simulation
[2023-02-12 22:25:16,858] pyhamilton.interface INFO started the server thread
[2023-02-12 22:25:30,913] pyhamilton.interface INFO sending end run command to simulator
[2023-02-12 22:25:32,413] pyhamilton.interface ERROR HamiltonTimeoutError('Timed out after 1.5 sec while waiting for response id 0x0')
[2023-02-12 22:25:32,413] pyhamilton.interface INFO disconnected from server
[2023-02-12 22:25:32,514] pyhamilton.interface INFO server did not exit yet, sending dummy request to exit its loop
[2023-02-12 22:25:32,519] pyhamilton.interface INFO dummy get request sent to server
[2023-02-12 22:25:32,519] pyhamilton.interface INFO server thread exited
[2023-02-12 22:26:47,376] pyhamilton.interface INFO starting a Hamilton interface
[2023-02-12 22:26:47,376] pyhamilton.interface INFO started the oem application for simulation
[2023-02-12 22:26:47,376] pyhamilton.interface INFO started the server thread
[2023-02-12 22:27:00,387] pyhamilton.interface INFO sending end run command to simulator
[2023-02-12 22:27:01,889] pyhamilton.interface ERROR HamiltonTimeoutError('Timed out after 1.5 sec while waiting for response id 0x0')
[2023-02-12 22:27:01,889] pyhamilton.interface INFO disconnected from server
[2023-02-12 22:27:01,991] pyhamilton.interface INFO server did not exit yet, sending dummy request to exit its loop
[2023-02-12 22:27:01,999] pyhamilton.interface INFO dummy get request sent to server
[2023-02-12 22:27:01,999] pyhamilton.interface INFO server thread exited
[2023-02-12 22:27:33,864] pyhamilton.interface INFO starting a Hamilton interface
[2023-02-12 22:27:33,864] pyhamilton.interface INFO started the oem application for simulation
[2023-02-12 22:27:33,864] pyhamilton.interface INFO started the server thread
[2023-02-12 22:27:49,876] pyhamilton.interface INFO sending end run command to simulator
[2023-02-12 22:27:51,377] pyhamilton.interface ERROR HamiltonTimeoutError('Timed out after 1.5 sec while waiting for response id 0x0')
[2023-02-12 22:27:51,377] pyhamilton.interface INFO disconnected from server
[2023-02-12 22:27:51,479] pyhamilton.interface INFO server did not exit yet, sending dummy request to exit its loop
[2023-02-12 22:27:51,483] pyhamilton.interface INFO dummy get request sent to server
[2023-02-12 22:27:51,483] pyhamilton.interface INFO server thread exited
[2023-02-12 22:28:31,134] pyhamilton.interface INFO starting a Hamilton interface
[2023-02-12 22:28:31,134] pyhamilton.interface INFO started the oem application for simulation
[2023-02-12 22:28:31,134] pyhamilton.interface INFO started the server thread
[2023-02-12 22:28:43,143] pyhamilton.interface INFO sending end run command to simulator
[2023-02-12 22:28:44,644] pyhamilton.interface ERROR HamiltonTimeoutError('Timed out after 1.5 sec while waiting for response id 0x0')
[2023-02-12 22:28:44,644] pyhamilton.interface INFO disconnected from server
[2023-02-12 22:28:44,744] pyhamilton.interface INFO server did not exit yet, sending dummy request to exit its loop
[2023-02-12 22:28:44,748] pyhamilton.interface INFO dummy get request sent to server
[2023-02-12 22:28:44,748] pyhamilton.interface INFO server thread exited
[2023-02-12 22:30:01,481] pyhamilton.interface INFO starting a Hamilton interface
[2023-02-12 22:30:01,481] pyhamilton.interface INFO started the oem application for simulation
[2023-02-12 22:30:01,481] pyhamilton.interface INFO started the server thread
[2023-02-12 22:30:14,493] pyhamilton.interface INFO sending end run command to simulator
[2023-02-12 22:30:15,994] pyhamilton.interface ERROR HamiltonTimeoutError('Timed out after 1.5 sec while waiting for response id 0x0')
[2023-02-12 22:30:15,994] pyhamilton.interface INFO disconnected from server
[2023-02-12 22:30:16,095] pyhamilton.interface INFO server did not exit yet, sending dummy request to exit its loop
[2023-02-12 22:30:16,099] pyhamilton.interface INFO dummy get request sent to server
[2023-02-12 22:30:16,099] pyhamilton.interface INFO server thread exited
[2023-02-12 22:32:03,810] pyhamilton.interface INFO starting a Hamilton interface
[2023-02-12 22:32:03,810] pyhamilton.interface INFO started the oem application for simulation
[2023-02-12 22:32:03,810] pyhamilton.interface INFO started the server thread
[2023-02-12 22:32:17,822] pyhamilton.interface INFO sending end run command to simulator
[2023-02-12 22:32:19,323] pyhamilton.interface ERROR HamiltonTimeoutError('Timed out after 1.5 sec while waiting for response id 0x0')
[2023-02-12 22:32:19,323] pyhamilton.interface INFO disconnected from server
[2023-02-12 22:32:19,424] pyhamilton.interface INFO server did not exit yet, sending dummy request to exit its loop
[2023-02-12 22:32:19,428] pyhamilton.interface INFO dummy get request sent to server
[2023-02-12 22:32:19,428] pyhamilton.interface INFO server thread exited
[2023-02-12 22:33:05,474] pyhamilton.interface INFO starting a Hamilton interface
[2023-02-12 22:33:05,474] pyhamilton.interface INFO started the oem application for simulation
[2023-02-12 22:33:05,474] pyhamilton.interface INFO started the server thread
[2023-02-12 22:33:20,485] pyhamilton.interface INFO sending end run command to simulator
[2023-02-12 22:33:21,985] pyhamilton.interface ERROR HamiltonTimeoutError('Timed out after 1.5 sec while waiting for response id 0x0')
[2023-02-12 22:33:21,985] pyhamilton.interface INFO disconnected from server
[2023-02-12 22:33:22,086] pyhamilton.interface INFO server did not exit yet, sending dummy request to exit its loop
[2023-02-12 22:33:22,088] pyhamilton.interface INFO dummy get request sent to server
[2023-02-12 22:33:22,088] pyhamilton.interface INFO server thread exited
[2023-02-12 22:34:53,223] pyhamilton.interface INFO starting a Hamilton interface
[2023-02-12 22:34:53,223] pyhamilton.interface INFO started the oem application for simulation
[2023-02-12 22:34:53,223] pyhamilton.interface INFO started the server thread
[2023-02-12 22:35:18,245] pyhamilton.interface INFO sending end run command to simulator
[2023-02-12 22:35:19,745] pyhamilton.interface ERROR HamiltonTimeoutError('Timed out after 1.5 sec while waiting for response id 0x0')
[2023-02-12 22:35:19,745] pyhamilton.interface INFO disconnected from server
[2023-02-12 22:35:19,846] pyhamilton.interface INFO server did not exit yet, sending dummy request to exit its loop
[2023-02-12 22:35:19,850] pyhamilton.interface INFO dummy get request sent to server
[2023-02-12 22:35:19,850] pyhamilton.interface INFO server thread exited
[2023-02-12 22:36:43,228] pyhamilton.interface INFO starting a Hamilton interface
[2023-02-12 22:36:43,228] pyhamilton.interface INFO started the oem application for simulation
[2023-02-12 22:36:43,228] pyhamilton.interface INFO started the server thread
[2023-02-12 22:36:59,242] pyhamilton.interface INFO sending end run command to simulator
[2023-02-12 22:37:00,742] pyhamilton.interface ERROR HamiltonTimeoutError('Timed out after 1.5 sec while waiting for response id 0x0')
[2023-02-12 22:37:00,742] pyhamilton.interface INFO disconnected from server
[2023-02-12 22:37:00,843] pyhamilton.interface INFO server did not exit yet, sending dummy request to exit its loop
[2023-02-12 22:37:00,849] pyhamilton.interface INFO dummy get request sent to server
[2023-02-12 22:37:00,849] pyhamilton.interface INFO server thread exited
[2023-02-12 22:38:03,043] pyhamilton.interface INFO starting a Hamilton interface
[2023-02-12 22:38:03,043] pyhamilton.interface INFO started the oem application for simulation
[2023-02-12 22:38:03,043] pyhamilton.interface INFO started the server thread
[2023-02-12 22:38:15,057] pyhamilton.interface INFO sending end run command to simulator
[2023-02-12 22:38:16,558] pyhamilton.interface ERROR HamiltonTimeoutError('Timed out after 1.5 sec while waiting for response id 0x0')
[2023-02-12 22:38:16,558] pyhamilton.interface INFO disconnected from server
[2023-02-12 22:38:16,660] pyhamilton.interface INFO server did not exit yet, sending dummy request to exit its loop
[2023-02-12 22:38:16,669] pyhamilton.interface INFO dummy get request sent to server
[2023-02-12 22:38:16,669] pyhamilton.interface INFO server thread exited
